 - - - - - - - -
 - - - - - - - -
 - - - - - - - -
 - - - - - - - -
 - - - - - - - -
 - - - - - - - -
 - - - - - - - -
 - - - - - - - -
 a b c d e f g h
1:
 - - - - - - - -
 - - - - - - - -
 - - - - - - - -
 - - - - - - - -
 - - - - - - - -
 - - - - - - - -
 - - - - - - - -
 - 1 - - - - - -
 a b c d e f g h
2:
 - - - - - - - -
 - - - - - - - -
 - - - - - - - -
 - - - - - - - -
 - - - - - - - -
 - - - - - - - -
 - - - - - - - -
 - 1 2 - - - - -
 a b c d e f g h
1:
 - - - - - - - -
 - - - - - - - -
 - - - - - - - -
 - - - - - - - -
 - - - - - - - -
 - - - - - - - -
 - - - - - - - -
 - 1 2 1 - - - -
 a b c d e f g h
2:
 - - - - - - - -
 - - - - - - - -
 - - - - - - - -
 - - - - - - - -
 - - - - - - - -
 - - - - - - - -
 - - 2 - - - - -
 - 1 2 1 - - - -
 a b c d e f g h
1:
 - - - - - - - -
 - - - - - - - -
 - - - - - - - -
 - - - - - - - -
 - - - - - - - -
 - - - - - - - -
 - - 2 - - - - -
 - 1 2 1 1 - - -
 a b c d e f g h
2:
 - - - - - - - -
 - - - - - - - -
 - - - - - - - -
 - - - - - - - -
 - - - - - - - -
 - - - - - - - -
 - - 2 - - - - -
 - 1 2 1 1 2 - -
 a b c d e f g h
1:
 - - - - - - - -
 - - - - - - - -
 - - - - - - - -
 - - - - - - - -
 - - - - - - - -
 - - - - - - - -
 - - 2 - 1 - - -
 - 1 2 1 1 2 - -
 a b c d e f g h
2:
 - - - - - - - -
 - - - - - - - -
 - - - - - - - -
 - - - - - - - -
 - - - - - - - -
 - - - - - - - -
 - - 2 2 1 - - -
 - 1 2 1 1 2 - -
 a b c d e f g h
1:
 - - - - - - - -
 - - - - - - - -
 - - - - - - - -
 - - - - - - - -
 - - - - - - - -
 - - - 1 - - - -
 - - 2 2 1 - - -
 - 1 2 1 1 2 - -
 a b c d e f g h
2:
 - - - - - - - -
 - - - - - - - -
 - - - - - - - -
 - - - - - - - -
 - - - - - - - -
 - - - 1 2 - - -
 - - 2 2 1 - - -
 - 1 2 1 1 2 - -
 a b c d e f g h
1:
 - - - - - - - -
 - - - - - - - -
 - - - - - - - -
 - - - - - - - -
 - - - - - - - -
 - - - 1 2 - - -
 - - 2 2 1 1 - -
 - 1 2 1 1 2 - -
 a b c d e f g h
2:
 - - - - - - - -
 - - - - - - - -
 - - - - - - - -
 - - - - - - - -
 - - - - 2 - - -
 - - - 1 2 - - -
 - - 2 2 1 1 - -
 - 1 2 1 1 2 - -
 a b c d e f g h
1:
 - - - - - - - -
 - - - - - - - -
 - - - - - - - -
 - - - - - - - -
 - - - - 2 - - -
 - - - 1 2 1 - -
 - - 2 2 1 1 - -
 - 1 2 1 1 2 - -
 a b c d e f g h
2:
 - - - - - - - -
 - - - - - - - -
 - - - - - - - -
 - - - - - - - -
 - - - - 2 2 - -
 - - - 1 2 1 - -
 - - 2 2 1 1 - -
 - 1 2 1 1 2 - -
 a b c d e f g h
1:
 - - - - - - - -
 - - - - - - - -
 - - - - - - - -
 - - - - - 1 - -
 - - - - 2 2 - -
 - - - 1 2 1 - -
 - - 2 2 1 1 - -
 - 1 2 1 1 2 - -
 a b c d e f g h
1!
