................................................................................
................................................................................
................................................................................
................................................................................
................................................................................
................................................................................
................................................................................
................................................................................
................................................................................
...............................000..000..000..000...............................
.................................0..0.0....0....0...............................
...............................000..0.0..000..000...............................
...............................0....0.0..0....0.................................
...............................000..000..000..000...............................
................................................................................
................................................................................
................................................................................
................................................................................
................................................................................
................................................................................
................................................................................
................................................................................
================================================================================
................................................................................
................................................................................
................................................................................
................................................................................
................................................................................
................................................................................
................................................................................
................................................................................
................................0....0....0....0................................
................................00..0.0...00...00...............................
..................................000.00....0....0..............................
...............................0.0.00.00.0.0..0.0...............................
..............................0....00.000....0..................................
...............................00...0.0..00...00................................
................................0....0....0....0................................
................................................................................
................................................................................
................................................................................
................................................................................
................................................................................
................................................................................
................................................................................
================================================================================
................................................................................
................................................................................
................................................................................
................................................................................
................................................................................
................................................................................
................................................................................
................................................................................
................................00...0....00...00...............................
................................000.0.00..00...00...............................
........................................0...0....0..............................
............................................00..................................
..............................0...0..........0..................................
...............................00..00.0.000...00................................
...............................00....0...00...00................................
................................................................................
................................................................................
................................................................................
................................................................................
................................................................................
................................................................................
................................................................................
================================================================================
................................................................................
................................................................................
................................................................................
................................................................................
............................................0...................................
...........................................0.0..................................
..........................................00....................................
........................................0..0.00.................................
......................................000..0.00.................................
...............................00....00...00...000..............................
...............................00...0.....0.....0.0.............................
..............................00000.000..000......00............................
.............................00..0.0.....00.0.0..00.............................
............................000...00.......000..................................
............................000..00.........00..................................
..............................0..00........00...................................
................................00............0.................................
................................0...........0.0.................................
.............................................0..................................
................................................................................
................................................................................
................................................................................
================================================================================
/5 45
/6 44 46
/7 43 44
/8 41 44 46 47
/9 39 40 41 44 46 47
/10 32 33 38 39 43 44 48 49 50
/11 32 33 37 43 49 51
/12 31 32 33 34 35 37 38 39 42 43 44 51 52
/13 30 31 34 36 42 43 45 47 50 51
/14 29 30 31 35 36 44 45 46
/15 29 30 31 34 35 45 46
/16 31 34 35 44 45
/17 33 34 47
/18 33 45 47
/19 46
/
................................................................................
................................................................................
................................................................................
................................................................................
............................................0...................................
...........................................0.0..................................
..........................................00....................................
........................................0..0.00.................................
......................................000..0.00.................................
...............................00....00...00...000..............................
...............................00...0.....0.....0.0.............................
..............................00000.000..000......00............................
.............................00..0.0.....00.0.0..00.............................
............................000...00.......000..................................
............................000..00.........00..................................
..............................0..00........00...................................
................................00............0.................................
................................0...........0.0.................................
.............................................0..................................
................................................................................
................................................................................
................................................................................
================================================================================
................................................................................
................................................................................
................................................................................
................................................................................
............................................0...................................
..........................................00....................................
..........................................00.00.................................
........................................00.0.00.................................
.....................................00.00.0.0..0...............................
...............................00....00..0000.0000..............................
...................................00..........00.00............................
.............................0....0.00.............0............................
............................0........0...0.......000............................
...............................0...0......0...0.................................
............................0..0................................................
..............................00...........00...................................
...............................00.0........00...................................
................................00............0.................................
.............................................0..................................
................................................................................
................................................................................
................................................................................
================================================================================
................................................................................
................................................................................
................................................................................
................................................................................
...........................................0....................................
..........................................0..0..................................
.............................................00.................................
.......................................00..0...0................................
.....................................00.........00..............................
......................................0000.0000...0.............................
...................................0..0...00..0...00............................
.....................................0..........0...0...........................
...................................0.0............00............................
..................................................0.............................
...............................00..........0....................................
..............................0............00...................................
..............................0............000..................................
...............................000..........00..................................
................................................................................
................................................................................
................................................................................
................................................................................
================================================================================
..................................................0.............................
.................................................0.0............................
.................................................0.0............................
..................................................0.............................
................................................................................
.............................................00.......00........................
............................................0..0.....0..0.......................
.............................................00.......00........................
................................................................................
..................................................0.............................
.................................................0.0............................
.................................................0.0............................
..................................................0.............................
................................................................................
................................................................................
............................................0...................................
...........................................0.0..................................
..........................................0..0..................................
...........................................00...................................
................................................................................
................................................................................
................................................................................
================================================================================
................................................................................
................................................................................
................................................................................
................................................................................
................................................................................
................................................................................
................................................................................
................................................................................
................................................................................
.....................0..........................................................
....................00..........................................................
....................0.0.........................................................
.....................................................0..........................
....................................................0.0.........................
....................................................0.0.........................
.....................................................0..........................
................................................................................
................................................00.......00.....................
...............................................0..0.....0..0....................
................................................00.......00.....................
................................................................................
.....................................................0..........................
================================================================================
................................................................................
................................................................................
................................................................................
................................................................................
................................................................................
................................................................................
................................................................................
................................................................................
................................................................................
....................00..........................................................
....................0.0.........................................................
....................0...........................................................
.....................................................0..........................
....................................................0.0.........................
....................................................0.0.........................
.....................................................0..........................
................................................................................
................................................00.......00.....................
...............................................0..0.....0..0....................
................................................00.......00.....................
................................................................................
.....................................................0..........................
================================================================================
................................................................................
................................................................................
................................................................................
................................................................................
................................................................................
................................................................................
................................................................................
................................................................................
................................................................................
....................00..........................................................
...................00...........................................................
.....................0..........................................................
.....................................................0..........................
....................................................0.0.........................
....................................................0.0.........................
.....................................................0..........................
................................................................................
................................................00.......00.....................
...............................................0..0.....0..0....................
................................................00.......00.....................
................................................................................
.....................................................0..........................
================================================================================
................................................................................
................................................................................
................................................................................
................................................................................
................................................................................
................................................................................
................................................................................
................................................................................
................................................................................
...................000..........................................................
...................0............................................................
....................0...........................................................
.....................................................0..........................
....................................................0.0.........................
....................................................0.0.........................
.....................................................0..........................
................................................................................
................................................00.......00.....................
...............................................0..0.....0..0....................
................................................00.......00.....................
................................................................................
.....................................................0..........................
================================================================================
................................................................................
................................................................................
................................................................................
................................................................................
................................................................................
................................................................................
................................................................................
................................................................................
....................0...........................................................
...................00...........................................................
...................0.0..........................................................
................................................................................
.....................................................0..........................
....................................................0.0.........................
....................................................0.0.........................
.....................................................0..........................
................................................................................
................................................00.......00.....................
...............................................0..0.....0..0....................
................................................00.......00.....................
................................................................................
.....................................................0..........................
================================================================================
